[+] Containers:
 |- [+] Container: /Game/SoundGame/SoundLevel_1
 |   |- [+] ActorDescs:
 |   |   |- Guid:0127EED5D18835D08831EF09556CD24C NativeClass:/Script/Engine.SkyLight Name:SkyLight_1 Label:SkyLight SpatiallyLoaded:false EditorBounds:IsValid=true, Min=(X=-1.000 Y=-1.000 Z=-1.000), Max=(X=1.000 Y=1.000 Z=690.000) RuntimeBounds:IsValid=true, Min=(X=0.000 Y=0.000 Z=690.000), Max=(X=0.000 Y=0.000 Z=690.000) RuntimeGrid:None EditorOnly:false RuntimeOnly:false HLODRelevant:false ListedInSceneOutliner:true IsMainWorldOnly:false FolderPath:Lighting FolderGuid:963EC3EB4002CCE9759E2EBA541A873A
 |   |   |- Guid:0625A33EF59F3501BBD4E80635142AFC NativeClass:/Script/Engine.PlayerStart Name:PlayerStart_0 Label:PlayerStart SpatiallyLoaded:false EditorBounds:IsValid=true, Min=(X=342.000 Y=-128.000 Z=-28.000), Max=(X=710.000 Y=128.000 Z=228.000) RuntimeBounds:IsValid=true, Min=(X=430.000 Y=-40.000 Z=8.000), Max=(X=510.000 Y=40.000 Z=192.000) RuntimeGrid:None EditorOnly:false RuntimeOnly:false HLODRelevant:false ListedInSceneOutliner:true IsMainWorldOnly:false
 |   |   |- Guid:52ACD43F39393504B51BC8EBD713730F NativeClass:/Script/Engine.ExponentialHeightFog Name:ExponentialHeightFog_0 Label:ExponentialHeightFog SpatiallyLoaded:false EditorBounds:IsValid=true, Min=(X=-5728.000 Y=-178.000 Z=-6978.000), Max=(X=-5472.000 Y=78.000 Z=-6722.000) RuntimeBounds:IsValid=true, Min=(X=-5600.000 Y=-50.000 Z=-6850.000), Max=(X=-5600.000 Y=-50.000 Z=-6850.000) RuntimeGrid:None EditorOnly:false RuntimeOnly:false HLODRelevant:false ListedInSceneOutliner:true IsMainWorldOnly:false FolderPath:Lighting FolderGuid:963EC3EB4002CCE9759E2EBA541A873A
 |   |   |- Guid:63D4827DE44D30D994E9F57D4845E43B NativeClass:/Script/Engine.DirectionalLight Name:DirectionalLight_0 Label:DirectionalLight SpatiallyLoaded:false EditorBounds:IsValid=false, Min=(X=0.000 Y=0.000 Z=0.000), Max=(X=0.000 Y=0.000 Z=0.000) RuntimeBounds:IsValid=false, Min=(X=0.000 Y=0.000 Z=0.000), Max=(X=0.000 Y=0.000 Z=0.000) RuntimeGrid:None EditorOnly:false RuntimeOnly:false HLODRelevant:false ListedInSceneOutliner:true IsMainWorldOnly:false FolderPath:Lighting FolderGuid:963EC3EB4002CCE9759E2EBA541A873A
 |   |   |- Guid:6A1C18B90F593BA7984EECF48FCD0654 NativeClass:/Script/Engine.StaticMeshActor Name:StaticMeshActor_5 Label:Wall SpatiallyLoaded:true EditorBounds:IsValid=true, Min=(X=0.000 Y=-200.000 Z=0.000), Max=(X=3000.000 Y=-175.000 Z=400.000) RuntimeBounds:IsValid=true, Min=(X=0.000 Y=-200.000 Z=0.000), Max=(X=3000.000 Y=-175.000 Z=400.000) RuntimeGrid:None EditorOnly:false RuntimeOnly:false HLODRelevant:true ListedInSceneOutliner:true IsMainWorldOnly:false FolderPath:Foundation FolderGuid:C73F09FC4215536B1DCE2A9E0A830C70
 |   |   |- Guid:73D51E8EFBC93501AC4D0DDD9B8D1E91 NativeClass:/Script/Engine.PostProcessVolume Name:PostProcessVolume_0 Label:PostProcessVolume SpatiallyLoaded:false EditorBounds:IsValid=true, Min=(X=0.000 Y=0.000 Z=400.000), Max=(X=200.000 Y=200.000 Z=600.000) RuntimeBounds:IsValid=true, Min=(X=0.000 Y=0.000 Z=400.000), Max=(X=200.000 Y=200.000 Z=600.000) RuntimeGrid:None EditorOnly:false RuntimeOnly:false HLODRelevant:false ListedInSceneOutliner:true IsMainWorldOnly:false FolderPath:Lighting FolderGuid:963EC3EB4002CCE9759E2EBA541A873A
 |   |   |- Guid:91CC689E482DECF0AD8D9BB739787CDA NativeClass:/Script/Engine.StaticMeshActor Name:StaticMeshActor_UAID_246A0E1D7879115702_1984323361 Label:Wall3 SpatiallyLoaded:true EditorBounds:IsValid=true, Min=(X=0.000 Y=360.000 Z=390.000), Max=(X=3000.000 Y=385.000 Z=790.000) RuntimeBounds:IsValid=true, Min=(X=0.000 Y=360.000 Z=390.000), Max=(X=3000.000 Y=385.000 Z=790.000) RuntimeGrid:None EditorOnly:false RuntimeOnly:false HLODRelevant:true ListedInSceneOutliner:true IsMainWorldOnly:false FolderPath:Foundation FolderGuid:C73F09FC4215536B1DCE2A9E0A830C70
 |   |   |- Guid:AB5D4F16FA6B3C3EB724B5AE1372C7C6 NativeClass:/Script/Engine.StaticMeshActor Name:StaticMeshActor_1 Label:Floor SpatiallyLoaded:true EditorBounds:IsValid=true, Min=(X=0.000 Y=-200.000 Z=-20.000), Max=(X=3000.000 Y=375.000 Z=5.000) RuntimeBounds:IsValid=true, Min=(X=0.000 Y=-200.000 Z=-20.000), Max=(X=3000.000 Y=375.000 Z=5.000) RuntimeGrid:None EditorOnly:false RuntimeOnly:false HLODRelevant:true ListedInSceneOutliner:true IsMainWorldOnly:false FolderPath:Foundation FolderGuid:C73F09FC4215536B1DCE2A9E0A830C70
 |   |   |- Guid:BB6126D2CFDE3AC3A67F08CBA82CDE7A NativeClass:/Script/Engine.SkyAtmosphere Name:SkyAtmosphere_0 Label:SkyAtmosphere SpatiallyLoaded:false EditorBounds:IsValid=true, Min=(X=-128.000 Y=-128.000 Z=892.000), Max=(X=240.000 Y=128.000 Z=1148.000) RuntimeBounds:IsValid=true, Min=(X=0.000 Y=0.000 Z=1020.000), Max=(X=0.000 Y=0.000 Z=1020.000) RuntimeGrid:None EditorOnly:false RuntimeOnly:false HLODRelevant:false ListedInSceneOutliner:true IsMainWorldOnly:false FolderPath:Lighting FolderGuid:963EC3EB4002CCE9759E2EBA541A873A
 |   |   |- Guid:CA69D94E0FD93810914D7AAE7D67FA01 NativeClass:/Script/Engine.StaticMeshActor Name:StaticMeshActor_UAID_A4AE111137DC5EFB00_1110535423 Label:SM_SkySphere SpatiallyLoaded:false EditorBounds:IsValid=true, Min=(X=-1638400.000 Y=-1638400.000 Z=-1638380.000), Max=(X=1638400.000 Y=1638400.000 Z=1638420.000) RuntimeBounds:IsValid=true, Min=(X=-1638400.000 Y=-1638400.000 Z=-1638380.000), Max=(X=1638400.000 Y=1638400.000 Z=1638420.000) RuntimeGrid:None EditorOnly:false RuntimeOnly:false HLODRelevant:false ListedInSceneOutliner:true IsMainWorldOnly:false FolderPath:Lighting FolderGuid:963EC3EB4002CCE9759E2EBA541A873A
 |   |   |- Guid:D65049E645C9AD0061E3B98787A41B19 NativeClass:/Script/Engine.StaticMeshActor Name:StaticMeshActor_UAID_246A0E1D7879115702_2010468362 Label:Wall4 SpatiallyLoaded:true EditorBounds:IsValid=true, Min=(X=-10.000 Y=-360.000 Z=0.000), Max=(X=15.000 Y=390.000 Z=400.000) RuntimeBounds:IsValid=true, Min=(X=-10.000 Y=-360.000 Z=0.000), Max=(X=15.000 Y=390.000 Z=400.000) RuntimeGrid:None EditorOnly:false RuntimeOnly:false HLODRelevant:true ListedInSceneOutliner:true IsMainWorldOnly:false FolderPath:Foundation FolderGuid:C73F09FC4215536B1DCE2A9E0A830C70
 |   |   |- Guid:DAD10283B93A3FBD9287A2A9D29333ED NativeClass:/Script/Engine.WorldDataLayers Name:WorldDataLayers Label:WorldDataLayers SpatiallyLoaded:false EditorBounds:IsValid=false, Min=(X=0.000 Y=0.000 Z=0.000), Max=(X=0.000 Y=0.000 Z=0.000) RuntimeBounds:IsValid=false, Min=(X=0.000 Y=0.000 Z=0.000), Max=(X=0.000 Y=0.000 Z=0.000) RuntimeGrid:None EditorOnly:false RuntimeOnly:false HLODRelevant:false ListedInSceneOutliner:true IsMainWorldOnly:true
 |   |   |- Guid:F308F62F440826E2091939A02CFF8BC5 NativeClass:/Script/Engine.StaticMeshActor Name:StaticMeshActor_UAID_246A0E1D7879115702_1909642359 Label:Wall2 SpatiallyLoaded:true EditorBounds:IsValid=true, Min=(X=0.000 Y=360.000 Z=-390.000), Max=(X=3000.000 Y=385.000 Z=10.000) RuntimeBounds:IsValid=true, Min=(X=0.000 Y=360.000 Z=-390.000), Max=(X=3000.000 Y=385.000 Z=10.000) RuntimeGrid:None EditorOnly:false RuntimeOnly:false HLODRelevant:true ListedInSceneOutliner:true IsMainWorldOnly:false FolderPath:Foundation FolderGuid:C73F09FC4215536B1DCE2A9E0A830C70
 |   |   |- Guid:F9426AB1436BA0E4DE4F93BE789064B3 NativeClass:/Script/Engine.StaticMeshActor Name:StaticMeshActor_UAID_246A0E1D7879115702_1971859360 Label:Floor2 SpatiallyLoaded:true EditorBounds:IsValid=true, Min=(X=0.000 Y=-414.341 Z=400.000), Max=(X=3000.000 Y=156.264 Z=524.468) RuntimeBounds:IsValid=true, Min=(X=0.000 Y=-414.341 Z=400.000), Max=(X=3000.000 Y=156.264 Z=524.468) RuntimeGrid:None EditorOnly:false RuntimeOnly:false HLODRelevant:true ListedInSceneOutliner:true IsMainWorldOnly:false FolderPath:Foundation FolderGuid:C73F09FC4215536B1DCE2A9E0A830C70
 |   |- [+] Clusters:
 |   |   |- [+] [  0]
 |   |   |   |- Guid:0127EED5D18835D08831EF09556CD24C NativeClass:/Script/Engine.SkyLight Name:SkyLight_1 Label:SkyLight SpatiallyLoaded:false EditorBounds:IsValid=true, Min=(X=-1.000 Y=-1.000 Z=-1.000), Max=(X=1.000 Y=1.000 Z=690.000) RuntimeBounds:IsValid=true, Min=(X=0.000 Y=0.000 Z=690.000), Max=(X=0.000 Y=0.000 Z=690.000) RuntimeGrid:None EditorOnly:false RuntimeOnly:false HLODRelevant:false ListedInSceneOutliner:true IsMainWorldOnly:false FolderPath:Lighting FolderGuid:963EC3EB4002CCE9759E2EBA541A873A
 |   |   |- [+] [  1]
 |   |   |   |- Guid:0625A33EF59F3501BBD4E80635142AFC NativeClass:/Script/Engine.PlayerStart Name:PlayerStart_0 Label:PlayerStart SpatiallyLoaded:false EditorBounds:IsValid=true, Min=(X=342.000 Y=-128.000 Z=-28.000), Max=(X=710.000 Y=128.000 Z=228.000) RuntimeBounds:IsValid=true, Min=(X=430.000 Y=-40.000 Z=8.000), Max=(X=510.000 Y=40.000 Z=192.000) RuntimeGrid:None EditorOnly:false RuntimeOnly:false HLODRelevant:false ListedInSceneOutliner:true IsMainWorldOnly:false
 |   |   |- [+] [  2]
 |   |   |   |- Guid:52ACD43F39393504B51BC8EBD713730F NativeClass:/Script/Engine.ExponentialHeightFog Name:ExponentialHeightFog_0 Label:ExponentialHeightFog SpatiallyLoaded:false EditorBounds:IsValid=true, Min=(X=-5728.000 Y=-178.000 Z=-6978.000), Max=(X=-5472.000 Y=78.000 Z=-6722.000) RuntimeBounds:IsValid=true, Min=(X=-5600.000 Y=-50.000 Z=-6850.000), Max=(X=-5600.000 Y=-50.000 Z=-6850.000) RuntimeGrid:None EditorOnly:false RuntimeOnly:false HLODRelevant:false ListedInSceneOutliner:true IsMainWorldOnly:false FolderPath:Lighting FolderGuid:963EC3EB4002CCE9759E2EBA541A873A
 |   |   |- [+] [  3]
 |   |   |   |- Guid:63D4827DE44D30D994E9F57D4845E43B NativeClass:/Script/Engine.DirectionalLight Name:DirectionalLight_0 Label:DirectionalLight SpatiallyLoaded:false EditorBounds:IsValid=false, Min=(X=0.000 Y=0.000 Z=0.000), Max=(X=0.000 Y=0.000 Z=0.000) RuntimeBounds:IsValid=false, Min=(X=0.000 Y=0.000 Z=0.000), Max=(X=0.000 Y=0.000 Z=0.000) RuntimeGrid:None EditorOnly:false RuntimeOnly:false HLODRelevant:false ListedInSceneOutliner:true IsMainWorldOnly:false FolderPath:Lighting FolderGuid:963EC3EB4002CCE9759E2EBA541A873A
 |   |   |- [+] [  4]
 |   |   |   |- Guid:6A1C18B90F593BA7984EECF48FCD0654 NativeClass:/Script/Engine.StaticMeshActor Name:StaticMeshActor_5 Label:Wall SpatiallyLoaded:true EditorBounds:IsValid=true, Min=(X=0.000 Y=-200.000 Z=0.000), Max=(X=3000.000 Y=-175.000 Z=400.000) RuntimeBounds:IsValid=true, Min=(X=0.000 Y=-200.000 Z=0.000), Max=(X=3000.000 Y=-175.000 Z=400.000) RuntimeGrid:None EditorOnly:false RuntimeOnly:false HLODRelevant:true ListedInSceneOutliner:true IsMainWorldOnly:false FolderPath:Foundation FolderGuid:C73F09FC4215536B1DCE2A9E0A830C70
 |   |   |- [+] [  5]
 |   |   |   |- Guid:73D51E8EFBC93501AC4D0DDD9B8D1E91 NativeClass:/Script/Engine.PostProcessVolume Name:PostProcessVolume_0 Label:PostProcessVolume SpatiallyLoaded:false EditorBounds:IsValid=true, Min=(X=0.000 Y=0.000 Z=400.000), Max=(X=200.000 Y=200.000 Z=600.000) RuntimeBounds:IsValid=true, Min=(X=0.000 Y=0.000 Z=400.000), Max=(X=200.000 Y=200.000 Z=600.000) RuntimeGrid:None EditorOnly:false RuntimeOnly:false HLODRelevant:false ListedInSceneOutliner:true IsMainWorldOnly:false FolderPath:Lighting FolderGuid:963EC3EB4002CCE9759E2EBA541A873A
 |   |   |- [+] [  6]
 |   |   |   |- Guid:91CC689E482DECF0AD8D9BB739787CDA NativeClass:/Script/Engine.StaticMeshActor Name:StaticMeshActor_UAID_246A0E1D7879115702_1984323361 Label:Wall3 SpatiallyLoaded:true EditorBounds:IsValid=true, Min=(X=0.000 Y=360.000 Z=390.000), Max=(X=3000.000 Y=385.000 Z=790.000) RuntimeBounds:IsValid=true, Min=(X=0.000 Y=360.000 Z=390.000), Max=(X=3000.000 Y=385.000 Z=790.000) RuntimeGrid:None EditorOnly:false RuntimeOnly:false HLODRelevant:true ListedInSceneOutliner:true IsMainWorldOnly:false FolderPath:Foundation FolderGuid:C73F09FC4215536B1DCE2A9E0A830C70
 |   |   |- [+] [  7]
 |   |   |   |- Guid:AB5D4F16FA6B3C3EB724B5AE1372C7C6 NativeClass:/Script/Engine.StaticMeshActor Name:StaticMeshActor_1 Label:Floor SpatiallyLoaded:true EditorBounds:IsValid=true, Min=(X=0.000 Y=-200.000 Z=-20.000), Max=(X=3000.000 Y=375.000 Z=5.000) RuntimeBounds:IsValid=true, Min=(X=0.000 Y=-200.000 Z=-20.000), Max=(X=3000.000 Y=375.000 Z=5.000) RuntimeGrid:None EditorOnly:false RuntimeOnly:false HLODRelevant:true ListedInSceneOutliner:true IsMainWorldOnly:false FolderPath:Foundation FolderGuid:C73F09FC4215536B1DCE2A9E0A830C70
 |   |   |- [+] [  8]
 |   |   |   |- Guid:BB6126D2CFDE3AC3A67F08CBA82CDE7A NativeClass:/Script/Engine.SkyAtmosphere Name:SkyAtmosphere_0 Label:SkyAtmosphere SpatiallyLoaded:false EditorBounds:IsValid=true, Min=(X=-128.000 Y=-128.000 Z=892.000), Max=(X=240.000 Y=128.000 Z=1148.000) RuntimeBounds:IsValid=true, Min=(X=0.000 Y=0.000 Z=1020.000), Max=(X=0.000 Y=0.000 Z=1020.000) RuntimeGrid:None EditorOnly:false RuntimeOnly:false HLODRelevant:false ListedInSceneOutliner:true IsMainWorldOnly:false FolderPath:Lighting FolderGuid:963EC3EB4002CCE9759E2EBA541A873A
 |   |   |- [+] [  9]
 |   |   |   |- Guid:CA69D94E0FD93810914D7AAE7D67FA01 NativeClass:/Script/Engine.StaticMeshActor Name:StaticMeshActor_UAID_A4AE111137DC5EFB00_1110535423 Label:SM_SkySphere SpatiallyLoaded:false EditorBounds:IsValid=true, Min=(X=-1638400.000 Y=-1638400.000 Z=-1638380.000), Max=(X=1638400.000 Y=1638400.000 Z=1638420.000) RuntimeBounds:IsValid=true, Min=(X=-1638400.000 Y=-1638400.000 Z=-1638380.000), Max=(X=1638400.000 Y=1638400.000 Z=1638420.000) RuntimeGrid:None EditorOnly:false RuntimeOnly:false HLODRelevant:false ListedInSceneOutliner:true IsMainWorldOnly:false FolderPath:Lighting FolderGuid:963EC3EB4002CCE9759E2EBA541A873A
 |   |   |- [+] [ 10]
 |   |   |   |- Guid:D65049E645C9AD0061E3B98787A41B19 NativeClass:/Script/Engine.StaticMeshActor Name:StaticMeshActor_UAID_246A0E1D7879115702_2010468362 Label:Wall4 SpatiallyLoaded:true EditorBounds:IsValid=true, Min=(X=-10.000 Y=-360.000 Z=0.000), Max=(X=15.000 Y=390.000 Z=400.000) RuntimeBounds:IsValid=true, Min=(X=-10.000 Y=-360.000 Z=0.000), Max=(X=15.000 Y=390.000 Z=400.000) RuntimeGrid:None EditorOnly:false RuntimeOnly:false HLODRelevant:true ListedInSceneOutliner:true IsMainWorldOnly:false FolderPath:Foundation FolderGuid:C73F09FC4215536B1DCE2A9E0A830C70
 |   |   |- [+] [ 11]
 |   |   |   |- Guid:DAD10283B93A3FBD9287A2A9D29333ED NativeClass:/Script/Engine.WorldDataLayers Name:WorldDataLayers Label:WorldDataLayers SpatiallyLoaded:false EditorBounds:IsValid=false, Min=(X=0.000 Y=0.000 Z=0.000), Max=(X=0.000 Y=0.000 Z=0.000) RuntimeBounds:IsValid=false, Min=(X=0.000 Y=0.000 Z=0.000), Max=(X=0.000 Y=0.000 Z=0.000) RuntimeGrid:None EditorOnly:false RuntimeOnly:false HLODRelevant:false ListedInSceneOutliner:true IsMainWorldOnly:true
 |   |   |- [+] [ 12]
 |   |   |   |- Guid:F308F62F440826E2091939A02CFF8BC5 NativeClass:/Script/Engine.StaticMeshActor Name:StaticMeshActor_UAID_246A0E1D7879115702_1909642359 Label:Wall2 SpatiallyLoaded:true EditorBounds:IsValid=true, Min=(X=0.000 Y=360.000 Z=-390.000), Max=(X=3000.000 Y=385.000 Z=10.000) RuntimeBounds:IsValid=true, Min=(X=0.000 Y=360.000 Z=-390.000), Max=(X=3000.000 Y=385.000 Z=10.000) RuntimeGrid:None EditorOnly:false RuntimeOnly:false HLODRelevant:true ListedInSceneOutliner:true IsMainWorldOnly:false FolderPath:Foundation FolderGuid:C73F09FC4215536B1DCE2A9E0A830C70
 |   |   |- [+] [ 13]
 |   |   |   |- Guid:F9426AB1436BA0E4DE4F93BE789064B3 NativeClass:/Script/Engine.StaticMeshActor Name:StaticMeshActor_UAID_246A0E1D7879115702_1971859360 Label:Floor2 SpatiallyLoaded:true EditorBounds:IsValid=true, Min=(X=0.000 Y=-414.341 Z=400.000), Max=(X=3000.000 Y=156.264 Z=524.468) RuntimeBounds:IsValid=true, Min=(X=0.000 Y=-414.341 Z=400.000), Max=(X=3000.000 Y=156.264 Z=524.468) RuntimeGrid:None EditorOnly:false RuntimeOnly:false HLODRelevant:true ListedInSceneOutliner:true IsMainWorldOnly:false FolderPath:Foundation FolderGuid:C73F09FC4215536B1DCE2A9E0A830C70
 |- ContainerInstances:
 |- [+] MainContainer:
 |   |-        ID: 00000000000000000000000000000000
 |   |-  ParentID: 00000000000000000000000000000000
 |   |-    Bounds: IsValid=false, Min=(X=0.000 Y=0.000 Z=0.000), Max=(X=0.000 Y=0.000 Z=0.000)
 |   |- Transform: 0.000000,0.000000,0.000000|0.000000,0.000000,-0.000000|1.000000,1.000000,1.000000
 |   |- Container: /Game/SoundGame/SoundLevel_1
----------------------------------------------------------------------------------------------------------------
SoundLevel_1 - Persistent Level
----------------------------------------------------------------------------------------------------------------
[+] Content of SoundLevel_1 Persistent Level
 |- Always loaded Actor Count: 14 
 |- Actor Path: /Game/SoundGame/SoundLevel_1.SoundLevel_1:PersistentLevel.DirectionalLight_0
 |- Actor Package: /Game/__ExternalActors__/SoundGame/SoundLevel_1/6/LD/UTLHPCSUVOYCWHLZKSWI1Q
 |- Actor Path: /Game/SoundGame/SoundLevel_1.SoundLevel_1:PersistentLevel.ExponentialHeightFog_0
 |- Actor Package: /Game/__ExternalActors__/SoundGame/SoundLevel_1/B/05/HGAEFBRK9NY74UGFL77U39
 |- Actor Path: /Game/SoundGame/SoundLevel_1.SoundLevel_1:PersistentLevel.PlayerStart_0
 |- Actor Package: /Game/__ExternalActors__/SoundGame/SoundLevel_1/6/MX/AX1EFNBW2JA13UE1FTIIDQ
 |- Actor Path: /Game/SoundGame/SoundLevel_1.SoundLevel_1:PersistentLevel.PostProcessVolume_0
 |- Actor Package: /Game/__ExternalActors__/SoundGame/SoundLevel_1/8/JX/5OZ6CHCC6HG255WJOJL3O3
 |- Actor Path: /Game/SoundGame/SoundLevel_1.SoundLevel_1:PersistentLevel.SkyAtmosphere_0
 |- Actor Package: /Game/__ExternalActors__/SoundGame/SoundLevel_1/E/J1/XT2FR2ZK401G6D98IFEXKS
 |- Actor Path: /Game/SoundGame/SoundLevel_1.SoundLevel_1:PersistentLevel.SkyLight_1
 |- Actor Package: /Game/__ExternalActors__/SoundGame/SoundLevel_1/2/VF/NIKWL9JZZ285908T3NMY6H
 |- Actor Path: /Game/SoundGame/SoundLevel_1.SoundLevel_1:PersistentLevel.StaticMeshActor_1
 |- Actor Package: /Game/__ExternalActors__/SoundGame/SoundLevel_1/9/AQ/19LTYAXCAA26J496792ODQ
 |- Actor Path: /Game/SoundGame/SoundLevel_1.SoundLevel_1:PersistentLevel.StaticMeshActor_5
 |- Actor Package: /Game/__ExternalActors__/SoundGame/SoundLevel_1/D/Y6/C4LNNRKGILNR905F9OJRJP
 |- Actor Path: /Game/SoundGame/SoundLevel_1.SoundLevel_1:PersistentLevel.StaticMeshActor_UAID_246A0E1D7879115702_1909642359
 |- Actor Package: /Game/__ExternalActors__/SoundGame/SoundLevel_1/3/LQ/RYGX26A2N55BBJDYB8RMGX
 |- Actor Path: /Game/SoundGame/SoundLevel_1.SoundLevel_1:PersistentLevel.StaticMeshActor_UAID_246A0E1D7879115702_1971859360
 |- Actor Package: /Game/__ExternalActors__/SoundGame/SoundLevel_1/2/DQ/2LOZWJMHBUQ3TYGOT1TESP
 |- Actor Path: /Game/SoundGame/SoundLevel_1.SoundLevel_1:PersistentLevel.StaticMeshActor_UAID_246A0E1D7879115702_1984323361
 |- Actor Package: /Game/__ExternalActors__/SoundGame/SoundLevel_1/2/88/DRFCKKWMZ8RA5L22I11FAP
 |- Actor Path: /Game/SoundGame/SoundLevel_1.SoundLevel_1:PersistentLevel.StaticMeshActor_UAID_246A0E1D7879115702_2010468362
 |- Actor Package: /Game/__ExternalActors__/SoundGame/SoundLevel_1/9/VN/O2U5BO14N5WPL9L366PY1N
 |- Actor Path: /Game/SoundGame/SoundLevel_1.SoundLevel_1:PersistentLevel.StaticMeshActor_UAID_A4AE111137DC5EFB00_1110535423
 |- Actor Package: /Game/__ExternalActors__/SoundGame/SoundLevel_1/1/BN/SKEM1HSRY0C2RBXUM6QZ35
 |- Actor Path: /Game/SoundGame/SoundLevel_1.SoundLevel_1:PersistentLevel.WorldDataLayers
 |- Actor Package: /Game/__ExternalActors__/SoundGame/SoundLevel_1/C/AM/XRNF9DX5OBSMCXN4RWDBH4

----------------------------------------------------------------------------------------------------------------
SoundLevel_1 - Runtime Hash Set
----------------------------------------------------------------------------------------------------------------

