[+] Containers:
 |- [+] Container: /Game/SoundGame/Maps/SoundLevel_1
 |   |- [+] ActorDescs:
 |   |   |- Guid:0127EED5D18835D08831EF09556CD24C NativeClass:/Script/Engine.SkyLight Name:SkyLight_1 Label:SkyLight SpatiallyLoaded:false EditorBounds:IsValid=true, Min=(X=-1.000 Y=-1.000 Z=-1.000), Max=(X=1.000 Y=1.000 Z=690.000) RuntimeBounds:IsValid=true, Min=(X=0.000 Y=0.000 Z=690.000), Max=(X=0.000 Y=0.000 Z=690.000) RuntimeGrid:None EditorOnly:false RuntimeOnly:false HLODRelevant:false ListedInSceneOutliner:true IsMainWorldOnly:false FolderPath:Lighting FolderGuid:963EC3EB4002CCE9759E2EBA541A873A
 |   |   |- Guid:0625A33EF59F3501BBD4E80635142AFC NativeClass:/Script/Engine.PlayerStart Name:PlayerStart_0 Label:PlayerStart SpatiallyLoaded:false EditorBounds:IsValid=true, Min=(X=-128.000 Y=-128.000 Z=58.000), Max=(X=240.000 Y=128.000 Z=314.000) RuntimeBounds:IsValid=true, Min=(X=-40.000 Y=-40.000 Z=94.000), Max=(X=40.000 Y=40.000 Z=278.000) RuntimeGrid:None EditorOnly:false RuntimeOnly:false HLODRelevant:false ListedInSceneOutliner:true IsMainWorldOnly:false
 |   |   |- Guid:07E6549845A9EBECCD226B90A14958E8 BaseClass:/Game/SoundGame/Blueprints/BP_Modular_Part1_Child.BP_Modular_Part1_Child_C NativeClass:/Script/Engine.Actor Name:BP_Modular_Part1_Child_C_UAID_246A0E1D7879015802_1119833601 Label:BP_Modular_Part1_Child SpatiallyLoaded:true EditorBounds:IsValid=true, Min=(X=1099.873 Y=-200.145 Z=-131.789), Max=(X=2700.000 Y=200.000 Z=870.000) RuntimeBounds:IsValid=true, Min=(X=1099.873 Y=-200.145 Z=-131.789), Max=(X=2700.000 Y=200.000 Z=870.000) RuntimeGrid:None EditorOnly:false RuntimeOnly:false HLODRelevant:false ListedInSceneOutliner:true IsMainWorldOnly:false FolderPath:Level FolderGuid:2F184723452185FC24E74EADC7D55229
 |   |   |- Guid:1697412E4F3549345A1D1089E26EAEAB BaseClass:/Game/SoundGame/BP_TestBlock.BP_TestBlock_C NativeClass:/Script/Engine.Actor Name:BP_TestBlock_C_UAID_246A0E1D7879F35802_1757884191 Label:BP_TestBlock SpatiallyLoaded:true EditorBounds:IsValid=true, Min=(X=1041.000 Y=-150.000 Z=-166.000), Max=(X=1341.000 Y=150.000 Z=134.000) RuntimeBounds:IsValid=true, Min=(X=1041.000 Y=-150.000 Z=-166.000), Max=(X=1341.000 Y=150.000 Z=134.000) RuntimeGrid:None EditorOnly:false RuntimeOnly:false HLODRelevant:false ListedInSceneOutliner:true IsMainWorldOnly:false
 |   |   |- Guid:52ACD43F39393504B51BC8EBD713730F NativeClass:/Script/Engine.ExponentialHeightFog Name:ExponentialHeightFog_0 Label:ExponentialHeightFog SpatiallyLoaded:false EditorBounds:IsValid=true, Min=(X=-5728.000 Y=-178.000 Z=-6978.000), Max=(X=-5472.000 Y=78.000 Z=-6722.000) RuntimeBounds:IsValid=true, Min=(X=-5600.000 Y=-50.000 Z=-6850.000), Max=(X=-5600.000 Y=-50.000 Z=-6850.000) RuntimeGrid:None EditorOnly:false RuntimeOnly:false HLODRelevant:false ListedInSceneOutliner:true IsMainWorldOnly:false FolderPath:Lighting FolderGuid:963EC3EB4002CCE9759E2EBA541A873A
 |   |   |- Guid:62ED7A474A1609FD506F56A267C93888 BaseClass:/Game/SoundGame/Blueprints/BP_Modular_Part1.BP_Modular_Part1_C NativeClass:/Script/Engine.Actor Name:BP_Modular_Part1_C_UAID_246A0E1D7879015802_1274920603 Label:BP_Modular_Part2 SpatiallyLoaded:true EditorBounds:IsValid=true, Min=(X=-500.127 Y=-200.145 Z=-1131.789), Max=(X=1100.000 Y=200.000 Z=-130.000) RuntimeBounds:IsValid=true, Min=(X=-500.127 Y=-200.145 Z=-1131.789), Max=(X=1100.000 Y=200.000 Z=-130.000) RuntimeGrid:None EditorOnly:false RuntimeOnly:false HLODRelevant:false ListedInSceneOutliner:true IsMainWorldOnly:false FolderPath:Level FolderGuid:2F184723452185FC24E74EADC7D55229
 |   |   |- Guid:63D4827DE44D30D994E9F57D4845E43B NativeClass:/Script/Engine.DirectionalLight Name:DirectionalLight_0 Label:DirectionalLight SpatiallyLoaded:false EditorBounds:IsValid=false, Min=(X=0.000 Y=0.000 Z=0.000), Max=(X=0.000 Y=0.000 Z=0.000) RuntimeBounds:IsValid=false, Min=(X=0.000 Y=0.000 Z=0.000), Max=(X=0.000 Y=0.000 Z=0.000) RuntimeGrid:None EditorOnly:false RuntimeOnly:false HLODRelevant:false ListedInSceneOutliner:true IsMainWorldOnly:false FolderPath:Lighting FolderGuid:963EC3EB4002CCE9759E2EBA541A873A
 |   |   |- Guid:73D51E8EFBC93501AC4D0DDD9B8D1E91 NativeClass:/Script/Engine.PostProcessVolume Name:PostProcessVolume_0 Label:PostProcessVolume SpatiallyLoaded:false EditorBounds:IsValid=true, Min=(X=-100.000 Y=-100.000 Z=-100.000), Max=(X=100.000 Y=100.000 Z=100.000) RuntimeBounds:IsValid=true, Min=(X=-100.000 Y=-100.000 Z=-100.000), Max=(X=100.000 Y=100.000 Z=100.000) RuntimeGrid:None EditorOnly:false RuntimeOnly:false HLODRelevant:false ListedInSceneOutliner:true IsMainWorldOnly:false FolderPath:Lighting FolderGuid:963EC3EB4002CCE9759E2EBA541A873A
 |   |   |- Guid:7D4C5DF943937E58677FF698C22667F2 BaseClass:/Game/SoundGame/Blueprints/BP_Modular_Part1.BP_Modular_Part1_C NativeClass:/Script/Engine.Actor Name:BP_Modular_Part1_C_UAID_246A0E1D78798B5802_1395855887 Label:BP_Modular_Part4 SpatiallyLoaded:true EditorBounds:IsValid=true, Min=(X=4138.211 Y=-200.145 Z=-500.000), Max=(X=5140.000 Y=200.000 Z=1100.127) RuntimeBounds:IsValid=true, Min=(X=4138.211 Y=-200.145 Z=-500.000), Max=(X=5140.000 Y=200.000 Z=1100.127) RuntimeGrid:None EditorOnly:false RuntimeOnly:false HLODRelevant:false ListedInSceneOutliner:true IsMainWorldOnly:false FolderPath:Level FolderGuid:2F184723452185FC24E74EADC7D55229
 |   |   |- Guid:8DD4AD134954DD33A4144188C221EB44 BaseClass:/Game/SoundGame/Blueprints/BP_Modular_Part1_Child.BP_Modular_Part1_Child_C NativeClass:/Script/Engine.Actor Name:BP_Modular_Part1_Child_C_UAID_246A0E1D7879015802_1171206602 Label:BP_Modular_Part1_Child2 SpatiallyLoaded:true EditorBounds:IsValid=true, Min=(X=1099.873 Y=-200.145 Z=-1130.000), Max=(X=2700.000 Y=200.000 Z=-128.211) RuntimeBounds:IsValid=true, Min=(X=1099.873 Y=-200.145 Z=-1130.000), Max=(X=2700.000 Y=200.000 Z=-128.211) RuntimeGrid:None EditorOnly:false RuntimeOnly:false HLODRelevant:false ListedInSceneOutliner:true IsMainWorldOnly:false FolderPath:Level FolderGuid:2F184723452185FC24E74EADC7D55229
 |   |   |- Guid:BB6126D2CFDE3AC3A67F08CBA82CDE7A NativeClass:/Script/Engine.SkyAtmosphere Name:SkyAtmosphere_0 Label:SkyAtmosphere SpatiallyLoaded:false EditorBounds:IsValid=true, Min=(X=-128.000 Y=-128.000 Z=892.000), Max=(X=240.000 Y=128.000 Z=1148.000) RuntimeBounds:IsValid=true, Min=(X=0.000 Y=0.000 Z=1020.000), Max=(X=0.000 Y=0.000 Z=1020.000) RuntimeGrid:None EditorOnly:false RuntimeOnly:false HLODRelevant:false ListedInSceneOutliner:true IsMainWorldOnly:false FolderPath:Lighting FolderGuid:963EC3EB4002CCE9759E2EBA541A873A
 |   |   |- Guid:BEE1B7B24F6BC9E7D64FE582EF3A7683 BaseClass:/Game/SoundGame/Blueprints/BP_Modular_Part1.BP_Modular_Part1_C NativeClass:/Script/Engine.Actor Name:BP_Modular_Part1_C_UAID_246A0E1D7879015802_1099982600 Label:BP_Modular_Part1 SpatiallyLoaded:true EditorBounds:IsValid=true, Min=(X=-500.127 Y=-200.145 Z=-131.789), Max=(X=1100.000 Y=200.000 Z=870.000) RuntimeBounds:IsValid=true, Min=(X=-500.127 Y=-200.145 Z=-131.789), Max=(X=1100.000 Y=200.000 Z=870.000) RuntimeGrid:None EditorOnly:false RuntimeOnly:false HLODRelevant:false ListedInSceneOutliner:true IsMainWorldOnly:false FolderPath:Level FolderGuid:2F184723452185FC24E74EADC7D55229
 |   |   |- Guid:CA69D94E0FD93810914D7AAE7D67FA01 NativeClass:/Script/Engine.StaticMeshActor Name:StaticMeshActor_UAID_A4AE111137DC5EFB00_1110535423 Label:SM_SkySphere SpatiallyLoaded:false EditorBounds:IsValid=true, Min=(X=-1634304.000 Y=-1638400.000 Z=-1638380.000), Max=(X=1634304.000 Y=1638400.000 Z=1638420.000) RuntimeBounds:IsValid=true, Min=(X=-1634304.000 Y=-1638400.000 Z=-1638380.000), Max=(X=1634304.000 Y=1638400.000 Z=1638420.000) RuntimeGrid:None EditorOnly:false RuntimeOnly:false HLODRelevant:false ListedInSceneOutliner:true IsMainWorldOnly:false FolderPath:Lighting FolderGuid:963EC3EB4002CCE9759E2EBA541A873A
 |   |   |- Guid:D3DC89E2460A9A736E9281803DFA9218 BaseClass:/Game/SoundGame/Blueprints/BP_Modular_Part1.BP_Modular_Part1_C NativeClass:/Script/Engine.Actor Name:BP_Modular_Part1_C_UAID_246A0E1D7879905802_1864013768 Label:BP_Modular_Part6 SpatiallyLoaded:true EditorBounds:IsValid=true, Min=(X=2678.211 Y=-200.145 Z=-1720.000), Max=(X=3680.000 Y=200.000 Z=-119.873) RuntimeBounds:IsValid=true, Min=(X=2678.211 Y=-200.145 Z=-1720.000), Max=(X=3680.000 Y=200.000 Z=-119.873) RuntimeGrid:None EditorOnly:false RuntimeOnly:false HLODRelevant:false ListedInSceneOutliner:true IsMainWorldOnly:false FolderPath:Level FolderGuid:2F184723452185FC24E74EADC7D55229
 |   |   |- Guid:DAD10283B93A3FBD9287A2A9D29333ED NativeClass:/Script/Engine.WorldDataLayers Name:WorldDataLayers Label:WorldDataLayers SpatiallyLoaded:false EditorBounds:IsValid=false, Min=(X=0.000 Y=0.000 Z=0.000), Max=(X=0.000 Y=0.000 Z=0.000) RuntimeBounds:IsValid=false, Min=(X=0.000 Y=0.000 Z=0.000), Max=(X=0.000 Y=0.000 Z=0.000) RuntimeGrid:None EditorOnly:false RuntimeOnly:false HLODRelevant:false ListedInSceneOutliner:true IsMainWorldOnly:true
 |   |   |- Guid:EAAAE96F4AA7DA94DA69ADAAEF4D4A70 BaseClass:/Game/SoundGame/Blueprints/BP_Modular_Part1.BP_Modular_Part1_C NativeClass:/Script/Engine.Actor Name:BP_Modular_Part1_C_UAID_246A0E1D7879015802_1303914604 Label:BP_Modular_Part3 SpatiallyLoaded:true EditorBounds:IsValid=true, Min=(X=2699.873 Y=-200.145 Z=-131.789), Max=(X=4300.000 Y=200.000 Z=870.000) RuntimeBounds:IsValid=true, Min=(X=2699.873 Y=-200.145 Z=-131.789), Max=(X=4300.000 Y=200.000 Z=870.000) RuntimeGrid:None EditorOnly:false RuntimeOnly:false HLODRelevant:false ListedInSceneOutliner:true IsMainWorldOnly:false FolderPath:Level FolderGuid:2F184723452185FC24E74EADC7D55229
 |   |   |- Guid:F27B1CE14B0D16D21913599496D58381 BaseClass:/Game/SoundGame/BP_TestBlock.BP_TestBlock_C NativeClass:/Script/Engine.Actor Name:BP_TestBlock_C_UAID_246A0E1D7879F35802_1796625192 Label:BP_TestBlock2 SpatiallyLoaded:true EditorBounds:IsValid=true, Min=(X=1041.000 Y=-150.000 Z=617.000), Max=(X=1341.000 Y=150.000 Z=917.000) RuntimeBounds:IsValid=true, Min=(X=1041.000 Y=-150.000 Z=617.000), Max=(X=1341.000 Y=150.000 Z=917.000) RuntimeGrid:None EditorOnly:false RuntimeOnly:false HLODRelevant:false ListedInSceneOutliner:true IsMainWorldOnly:false
 |   |- [+] Clusters:
 |   |   |- [+] [  0]
 |   |   |   |- Guid:0127EED5D18835D08831EF09556CD24C NativeClass:/Script/Engine.SkyLight Name:SkyLight_1 Label:SkyLight SpatiallyLoaded:false EditorBounds:IsValid=true, Min=(X=-1.000 Y=-1.000 Z=-1.000), Max=(X=1.000 Y=1.000 Z=690.000) RuntimeBounds:IsValid=true, Min=(X=0.000 Y=0.000 Z=690.000), Max=(X=0.000 Y=0.000 Z=690.000) RuntimeGrid:None EditorOnly:false RuntimeOnly:false HLODRelevant:false ListedInSceneOutliner:true IsMainWorldOnly:false FolderPath:Lighting FolderGuid:963EC3EB4002CCE9759E2EBA541A873A
 |   |   |- [+] [  1]
 |   |   |   |- Guid:0625A33EF59F3501BBD4E80635142AFC NativeClass:/Script/Engine.PlayerStart Name:PlayerStart_0 Label:PlayerStart SpatiallyLoaded:false EditorBounds:IsValid=true, Min=(X=-128.000 Y=-128.000 Z=58.000), Max=(X=240.000 Y=128.000 Z=314.000) RuntimeBounds:IsValid=true, Min=(X=-40.000 Y=-40.000 Z=94.000), Max=(X=40.000 Y=40.000 Z=278.000) RuntimeGrid:None EditorOnly:false RuntimeOnly:false HLODRelevant:false ListedInSceneOutliner:true IsMainWorldOnly:false
 |   |   |- [+] [  2]
 |   |   |   |- Guid:07E6549845A9EBECCD226B90A14958E8 BaseClass:/Game/SoundGame/Blueprints/BP_Modular_Part1_Child.BP_Modular_Part1_Child_C NativeClass:/Script/Engine.Actor Name:BP_Modular_Part1_Child_C_UAID_246A0E1D7879015802_1119833601 Label:BP_Modular_Part1_Child SpatiallyLoaded:true EditorBounds:IsValid=true, Min=(X=1099.873 Y=-200.145 Z=-131.789), Max=(X=2700.000 Y=200.000 Z=870.000) RuntimeBounds:IsValid=true, Min=(X=1099.873 Y=-200.145 Z=-131.789), Max=(X=2700.000 Y=200.000 Z=870.000) RuntimeGrid:None EditorOnly:false RuntimeOnly:false HLODRelevant:false ListedInSceneOutliner:true IsMainWorldOnly:false FolderPath:Level FolderGuid:2F184723452185FC24E74EADC7D55229
 |   |   |- [+] [  3]
 |   |   |   |- Guid:1697412E4F3549345A1D1089E26EAEAB BaseClass:/Game/SoundGame/BP_TestBlock.BP_TestBlock_C NativeClass:/Script/Engine.Actor Name:BP_TestBlock_C_UAID_246A0E1D7879F35802_1757884191 Label:BP_TestBlock SpatiallyLoaded:true EditorBounds:IsValid=true, Min=(X=1041.000 Y=-150.000 Z=-166.000), Max=(X=1341.000 Y=150.000 Z=134.000) RuntimeBounds:IsValid=true, Min=(X=1041.000 Y=-150.000 Z=-166.000), Max=(X=1341.000 Y=150.000 Z=134.000) RuntimeGrid:None EditorOnly:false RuntimeOnly:false HLODRelevant:false ListedInSceneOutliner:true IsMainWorldOnly:false
 |   |   |- [+] [  4]
 |   |   |   |- Guid:52ACD43F39393504B51BC8EBD713730F NativeClass:/Script/Engine.ExponentialHeightFog Name:ExponentialHeightFog_0 Label:ExponentialHeightFog SpatiallyLoaded:false EditorBounds:IsValid=true, Min=(X=-5728.000 Y=-178.000 Z=-6978.000), Max=(X=-5472.000 Y=78.000 Z=-6722.000) RuntimeBounds:IsValid=true, Min=(X=-5600.000 Y=-50.000 Z=-6850.000), Max=(X=-5600.000 Y=-50.000 Z=-6850.000) RuntimeGrid:None EditorOnly:false RuntimeOnly:false HLODRelevant:false ListedInSceneOutliner:true IsMainWorldOnly:false FolderPath:Lighting FolderGuid:963EC3EB4002CCE9759E2EBA541A873A
 |   |   |- [+] [  5]
 |   |   |   |- Guid:62ED7A474A1609FD506F56A267C93888 BaseClass:/Game/SoundGame/Blueprints/BP_Modular_Part1.BP_Modular_Part1_C NativeClass:/Script/Engine.Actor Name:BP_Modular_Part1_C_UAID_246A0E1D7879015802_1274920603 Label:BP_Modular_Part2 SpatiallyLoaded:true EditorBounds:IsValid=true, Min=(X=-500.127 Y=-200.145 Z=-1131.789), Max=(X=1100.000 Y=200.000 Z=-130.000) RuntimeBounds:IsValid=true, Min=(X=-500.127 Y=-200.145 Z=-1131.789), Max=(X=1100.000 Y=200.000 Z=-130.000) RuntimeGrid:None EditorOnly:false RuntimeOnly:false HLODRelevant:false ListedInSceneOutliner:true IsMainWorldOnly:false FolderPath:Level FolderGuid:2F184723452185FC24E74EADC7D55229
 |   |   |- [+] [  6]
 |   |   |   |- Guid:63D4827DE44D30D994E9F57D4845E43B NativeClass:/Script/Engine.DirectionalLight Name:DirectionalLight_0 Label:DirectionalLight SpatiallyLoaded:false EditorBounds:IsValid=false, Min=(X=0.000 Y=0.000 Z=0.000), Max=(X=0.000 Y=0.000 Z=0.000) RuntimeBounds:IsValid=false, Min=(X=0.000 Y=0.000 Z=0.000), Max=(X=0.000 Y=0.000 Z=0.000) RuntimeGrid:None EditorOnly:false RuntimeOnly:false HLODRelevant:false ListedInSceneOutliner:true IsMainWorldOnly:false FolderPath:Lighting FolderGuid:963EC3EB4002CCE9759E2EBA541A873A
 |   |   |- [+] [  7]
 |   |   |   |- Guid:73D51E8EFBC93501AC4D0DDD9B8D1E91 NativeClass:/Script/Engine.PostProcessVolume Name:PostProcessVolume_0 Label:PostProcessVolume SpatiallyLoaded:false EditorBounds:IsValid=true, Min=(X=-100.000 Y=-100.000 Z=-100.000), Max=(X=100.000 Y=100.000 Z=100.000) RuntimeBounds:IsValid=true, Min=(X=-100.000 Y=-100.000 Z=-100.000), Max=(X=100.000 Y=100.000 Z=100.000) RuntimeGrid:None EditorOnly:false RuntimeOnly:false HLODRelevant:false ListedInSceneOutliner:true IsMainWorldOnly:false FolderPath:Lighting FolderGuid:963EC3EB4002CCE9759E2EBA541A873A
 |   |   |- [+] [  8]
 |   |   |   |- Guid:7D4C5DF943937E58677FF698C22667F2 BaseClass:/Game/SoundGame/Blueprints/BP_Modular_Part1.BP_Modular_Part1_C NativeClass:/Script/Engine.Actor Name:BP_Modular_Part1_C_UAID_246A0E1D78798B5802_1395855887 Label:BP_Modular_Part4 SpatiallyLoaded:true EditorBounds:IsValid=true, Min=(X=4138.211 Y=-200.145 Z=-500.000), Max=(X=5140.000 Y=200.000 Z=1100.127) RuntimeBounds:IsValid=true, Min=(X=4138.211 Y=-200.145 Z=-500.000), Max=(X=5140.000 Y=200.000 Z=1100.127) RuntimeGrid:None EditorOnly:false RuntimeOnly:false HLODRelevant:false ListedInSceneOutliner:true IsMainWorldOnly:false FolderPath:Level FolderGuid:2F184723452185FC24E74EADC7D55229
 |   |   |- [+] [  9]
 |   |   |   |- Guid:8DD4AD134954DD33A4144188C221EB44 BaseClass:/Game/SoundGame/Blueprints/BP_Modular_Part1_Child.BP_Modular_Part1_Child_C NativeClass:/Script/Engine.Actor Name:BP_Modular_Part1_Child_C_UAID_246A0E1D7879015802_1171206602 Label:BP_Modular_Part1_Child2 SpatiallyLoaded:true EditorBounds:IsValid=true, Min=(X=1099.873 Y=-200.145 Z=-1130.000), Max=(X=2700.000 Y=200.000 Z=-128.211) RuntimeBounds:IsValid=true, Min=(X=1099.873 Y=-200.145 Z=-1130.000), Max=(X=2700.000 Y=200.000 Z=-128.211) RuntimeGrid:None EditorOnly:false RuntimeOnly:false HLODRelevant:false ListedInSceneOutliner:true IsMainWorldOnly:false FolderPath:Level FolderGuid:2F184723452185FC24E74EADC7D55229
 |   |   |- [+] [ 10]
 |   |   |   |- Guid:BB6126D2CFDE3AC3A67F08CBA82CDE7A NativeClass:/Script/Engine.SkyAtmosphere Name:SkyAtmosphere_0 Label:SkyAtmosphere SpatiallyLoaded:false EditorBounds:IsValid=true, Min=(X=-128.000 Y=-128.000 Z=892.000), Max=(X=240.000 Y=128.000 Z=1148.000) RuntimeBounds:IsValid=true, Min=(X=0.000 Y=0.000 Z=1020.000), Max=(X=0.000 Y=0.000 Z=1020.000) RuntimeGrid:None EditorOnly:false RuntimeOnly:false HLODRelevant:false ListedInSceneOutliner:true IsMainWorldOnly:false FolderPath:Lighting FolderGuid:963EC3EB4002CCE9759E2EBA541A873A
 |   |   |- [+] [ 11]
 |   |   |   |- Guid:BEE1B7B24F6BC9E7D64FE582EF3A7683 BaseClass:/Game/SoundGame/Blueprints/BP_Modular_Part1.BP_Modular_Part1_C NativeClass:/Script/Engine.Actor Name:BP_Modular_Part1_C_UAID_246A0E1D7879015802_1099982600 Label:BP_Modular_Part1 SpatiallyLoaded:true EditorBounds:IsValid=true, Min=(X=-500.127 Y=-200.145 Z=-131.789), Max=(X=1100.000 Y=200.000 Z=870.000) RuntimeBounds:IsValid=true, Min=(X=-500.127 Y=-200.145 Z=-131.789), Max=(X=1100.000 Y=200.000 Z=870.000) RuntimeGrid:None EditorOnly:false RuntimeOnly:false HLODRelevant:false ListedInSceneOutliner:true IsMainWorldOnly:false FolderPath:Level FolderGuid:2F184723452185FC24E74EADC7D55229
 |   |   |- [+] [ 12]
 |   |   |   |- Guid:CA69D94E0FD93810914D7AAE7D67FA01 NativeClass:/Script/Engine.StaticMeshActor Name:StaticMeshActor_UAID_A4AE111137DC5EFB00_1110535423 Label:SM_SkySphere SpatiallyLoaded:false EditorBounds:IsValid=true, Min=(X=-1634304.000 Y=-1638400.000 Z=-1638380.000), Max=(X=1634304.000 Y=1638400.000 Z=1638420.000) RuntimeBounds:IsValid=true, Min=(X=-1634304.000 Y=-1638400.000 Z=-1638380.000), Max=(X=1634304.000 Y=1638400.000 Z=1638420.000) RuntimeGrid:None EditorOnly:false RuntimeOnly:false HLODRelevant:false ListedInSceneOutliner:true IsMainWorldOnly:false FolderPath:Lighting FolderGuid:963EC3EB4002CCE9759E2EBA541A873A
 |   |   |- [+] [ 13]
 |   |   |   |- Guid:D3DC89E2460A9A736E9281803DFA9218 BaseClass:/Game/SoundGame/Blueprints/BP_Modular_Part1.BP_Modular_Part1_C NativeClass:/Script/Engine.Actor Name:BP_Modular_Part1_C_UAID_246A0E1D7879905802_1864013768 Label:BP_Modular_Part6 SpatiallyLoaded:true EditorBounds:IsValid=true, Min=(X=2678.211 Y=-200.145 Z=-1720.000), Max=(X=3680.000 Y=200.000 Z=-119.873) RuntimeBounds:IsValid=true, Min=(X=2678.211 Y=-200.145 Z=-1720.000), Max=(X=3680.000 Y=200.000 Z=-119.873) RuntimeGrid:None EditorOnly:false RuntimeOnly:false HLODRelevant:false ListedInSceneOutliner:true IsMainWorldOnly:false FolderPath:Level FolderGuid:2F184723452185FC24E74EADC7D55229
 |   |   |- [+] [ 14]
 |   |   |   |- Guid:DAD10283B93A3FBD9287A2A9D29333ED NativeClass:/Script/Engine.WorldDataLayers Name:WorldDataLayers Label:WorldDataLayers SpatiallyLoaded:false EditorBounds:IsValid=false, Min=(X=0.000 Y=0.000 Z=0.000), Max=(X=0.000 Y=0.000 Z=0.000) RuntimeBounds:IsValid=false, Min=(X=0.000 Y=0.000 Z=0.000), Max=(X=0.000 Y=0.000 Z=0.000) RuntimeGrid:None EditorOnly:false RuntimeOnly:false HLODRelevant:false ListedInSceneOutliner:true IsMainWorldOnly:true
 |   |   |- [+] [ 15]
 |   |   |   |- Guid:EAAAE96F4AA7DA94DA69ADAAEF4D4A70 BaseClass:/Game/SoundGame/Blueprints/BP_Modular_Part1.BP_Modular_Part1_C NativeClass:/Script/Engine.Actor Name:BP_Modular_Part1_C_UAID_246A0E1D7879015802_1303914604 Label:BP_Modular_Part3 SpatiallyLoaded:true EditorBounds:IsValid=true, Min=(X=2699.873 Y=-200.145 Z=-131.789), Max=(X=4300.000 Y=200.000 Z=870.000) RuntimeBounds:IsValid=true, Min=(X=2699.873 Y=-200.145 Z=-131.789), Max=(X=4300.000 Y=200.000 Z=870.000) RuntimeGrid:None EditorOnly:false RuntimeOnly:false HLODRelevant:false ListedInSceneOutliner:true IsMainWorldOnly:false FolderPath:Level FolderGuid:2F184723452185FC24E74EADC7D55229
 |   |   |- [+] [ 16]
 |   |   |   |- Guid:F27B1CE14B0D16D21913599496D58381 BaseClass:/Game/SoundGame/BP_TestBlock.BP_TestBlock_C NativeClass:/Script/Engine.Actor Name:BP_TestBlock_C_UAID_246A0E1D7879F35802_1796625192 Label:BP_TestBlock2 SpatiallyLoaded:true EditorBounds:IsValid=true, Min=(X=1041.000 Y=-150.000 Z=617.000), Max=(X=1341.000 Y=150.000 Z=917.000) RuntimeBounds:IsValid=true, Min=(X=1041.000 Y=-150.000 Z=617.000), Max=(X=1341.000 Y=150.000 Z=917.000) RuntimeGrid:None EditorOnly:false RuntimeOnly:false HLODRelevant:false ListedInSceneOutliner:true IsMainWorldOnly:false
 |- ContainerInstances:
 |- [+] MainContainer:
 |   |-        ID: 00000000000000000000000000000000
 |   |-  ParentID: 00000000000000000000000000000000
 |   |-    Bounds: IsValid=false, Min=(X=0.000 Y=0.000 Z=0.000), Max=(X=0.000 Y=0.000 Z=0.000)
 |   |- Transform: 0.000000,0.000000,0.000000|0.000000,0.000000,-0.000000|1.000000,1.000000,1.000000
 |   |- Container: /Game/SoundGame/Maps/SoundLevel_1
----------------------------------------------------------------------------------------------------------------
SoundLevel_1 - Persistent Level
----------------------------------------------------------------------------------------------------------------
[+] Content of SoundLevel_1 Persistent Level
 |- Always loaded Actor Count: 17 
 |- Actor Path: /Game/SoundGame/Maps/SoundLevel_1.SoundLevel_1:PersistentLevel.BP_Modular_Part1_C_UAID_246A0E1D7879015802_1099982600
 |- Actor Package: /Game/__ExternalActors__/SoundGame/Maps/SoundLevel_1/2/JR/17388G1NKB27BFAV6225X9
 |- Actor Path: /Game/SoundGame/Maps/SoundLevel_1.SoundLevel_1:PersistentLevel.BP_Modular_Part1_C_UAID_246A0E1D7879015802_1274920603
 |- Actor Package: /Game/__ExternalActors__/SoundGame/Maps/SoundLevel_1/B/DP/JMXH58VFR84SF43XQB2CVH
 |- Actor Path: /Game/SoundGame/Maps/SoundLevel_1.SoundLevel_1:PersistentLevel.BP_Modular_Part1_C_UAID_246A0E1D7879015802_1303914604
 |- Actor Package: /Game/__ExternalActors__/SoundGame/Maps/SoundLevel_1/B/71/4TRY0LD94NNC9XKI65993B
 |- Actor Path: /Game/SoundGame/Maps/SoundLevel_1.SoundLevel_1:PersistentLevel.BP_Modular_Part1_C_UAID_246A0E1D78798B5802_1395855887
 |- Actor Package: /Game/__ExternalActors__/SoundGame/Maps/SoundLevel_1/5/BW/LW4CIO9AVZ3Q22S1XU4Z46
 |- Actor Path: /Game/SoundGame/Maps/SoundLevel_1.SoundLevel_1:PersistentLevel.BP_Modular_Part1_C_UAID_246A0E1D7879905802_1864013768
 |- Actor Package: /Game/__ExternalActors__/SoundGame/Maps/SoundLevel_1/B/HC/ZO1NRMKRBWEHEMYS2C1DJ0
 |- Actor Path: /Game/SoundGame/Maps/SoundLevel_1.SoundLevel_1:PersistentLevel.BP_Modular_Part1_Child_C_UAID_246A0E1D7879015802_1119833601
 |- Actor Package: /Game/__ExternalActors__/SoundGame/Maps/SoundLevel_1/7/79/WPWJ07BBDDKX6PM9F7CY52
 |- Actor Path: /Game/SoundGame/Maps/SoundLevel_1.SoundLevel_1:PersistentLevel.BP_Modular_Part1_Child_C_UAID_246A0E1D7879015802_1171206602
 |- Actor Package: /Game/__ExternalActors__/SoundGame/Maps/SoundLevel_1/6/NJ/046VLMN08HFG6D8QKIRJ0Z
 |- Actor Path: /Game/SoundGame/Maps/SoundLevel_1.SoundLevel_1:PersistentLevel.BP_TestBlock_C_UAID_246A0E1D7879F35802_1757884191
 |- Actor Package: /Game/__ExternalActors__/SoundGame/Maps/SoundLevel_1/7/GR/NSI8PEWM21KCQSH1THO6T0
 |- Actor Path: /Game/SoundGame/Maps/SoundLevel_1.SoundLevel_1:PersistentLevel.BP_TestBlock_C_UAID_246A0E1D7879F35802_1796625192
 |- Actor Package: /Game/__ExternalActors__/SoundGame/Maps/SoundLevel_1/7/53/NKSO0FMK8AWC4NLY9XRC7F
 |- Actor Path: /Game/SoundGame/Maps/SoundLevel_1.SoundLevel_1:PersistentLevel.DirectionalLight_0
 |- Actor Package: /Game/__ExternalActors__/SoundGame/Maps/SoundLevel_1/8/C5/UF5O203NDRDG37BGATURPR
 |- Actor Path: /Game/SoundGame/Maps/SoundLevel_1.SoundLevel_1:PersistentLevel.ExponentialHeightFog_0
 |- Actor Package: /Game/__ExternalActors__/SoundGame/Maps/SoundLevel_1/3/II/TUCABRV03XFEG79NDG3RXB
 |- Actor Path: /Game/SoundGame/Maps/SoundLevel_1.SoundLevel_1:PersistentLevel.PlayerStart_0
 |- Actor Package: /Game/__ExternalActors__/SoundGame/Maps/SoundLevel_1/9/17/9BLSIKZJF93PG1QC76X3BP
 |- Actor Path: /Game/SoundGame/Maps/SoundLevel_1.SoundLevel_1:PersistentLevel.PostProcessVolume_0
 |- Actor Package: /Game/__ExternalActors__/SoundGame/Maps/SoundLevel_1/6/NG/BM0P02G48EM630SJWPKRDH
 |- Actor Path: /Game/SoundGame/Maps/SoundLevel_1.SoundLevel_1:PersistentLevel.SkyAtmosphere_0
 |- Actor Package: /Game/__ExternalActors__/SoundGame/Maps/SoundLevel_1/6/XF/H657HEXMVK8BYWSS507PUH
 |- Actor Path: /Game/SoundGame/Maps/SoundLevel_1.SoundLevel_1:PersistentLevel.SkyLight_1
 |- Actor Package: /Game/__ExternalActors__/SoundGame/Maps/SoundLevel_1/8/MN/NS3TNOLANH9XBODYDQI2T3
 |- Actor Path: /Game/SoundGame/Maps/SoundLevel_1.SoundLevel_1:PersistentLevel.StaticMeshActor_UAID_A4AE111137DC5EFB00_1110535423
 |- Actor Package: /Game/__ExternalActors__/SoundGame/Maps/SoundLevel_1/9/VX/S4Q8MD5VC4XI3LDL6303XO
 |- Actor Path: /Game/SoundGame/Maps/SoundLevel_1.SoundLevel_1:PersistentLevel.WorldDataLayers
 |- Actor Package: /Game/__ExternalActors__/SoundGame/Maps/SoundLevel_1/F/5I/B38GA3S12G2B7SUYBTOGCS

----------------------------------------------------------------------------------------------------------------
SoundLevel_1 - Runtime Hash Set
----------------------------------------------------------------------------------------------------------------

