[+] Containers:
 |- [+] Container: /Game/SoundGame/Maps/SoundLevel_1
 |   |- [+] ActorDescs:
 |   |   |- Guid:0127EED5D18835D08831EF09556CD24C NativeClass:/Script/Engine.SkyLight Name:SkyLight_1 Label:SkyLight SpatiallyLoaded:false EditorBounds:IsValid=true, Min=(X=-1.000 Y=-1.000 Z=-1.000), Max=(X=1.000 Y=1.000 Z=690.000) RuntimeBounds:IsValid=true, Min=(X=0.000 Y=0.000 Z=690.000), Max=(X=0.000 Y=0.000 Z=690.000) RuntimeGrid:None EditorOnly:false RuntimeOnly:false HLODRelevant:false ListedInSceneOutliner:true IsMainWorldOnly:false FolderPath:Lighting FolderGuid:963EC3EB4002CCE9759E2EBA541A873A
 |   |   |- Guid:0625A33EF59F3501BBD4E80635142AFC NativeClass:/Script/Engine.PlayerStart Name:PlayerStart_0 Label:PlayerStart SpatiallyLoaded:false EditorBounds:IsValid=true, Min=(X=342.000 Y=-128.000 Z=58.000), Max=(X=710.000 Y=128.000 Z=314.000) RuntimeBounds:IsValid=true, Min=(X=430.000 Y=-40.000 Z=94.000), Max=(X=510.000 Y=40.000 Z=278.000) RuntimeGrid:None EditorOnly:false RuntimeOnly:false HLODRelevant:false ListedInSceneOutliner:true IsMainWorldOnly:false
 |   |   |- Guid:52ACD43F39393504B51BC8EBD713730F NativeClass:/Script/Engine.ExponentialHeightFog Name:ExponentialHeightFog_0 Label:ExponentialHeightFog SpatiallyLoaded:false EditorBounds:IsValid=true, Min=(X=-5728.000 Y=-178.000 Z=-6978.000), Max=(X=-5472.000 Y=78.000 Z=-6722.000) RuntimeBounds:IsValid=true, Min=(X=-5600.000 Y=-50.000 Z=-6850.000), Max=(X=-5600.000 Y=-50.000 Z=-6850.000) RuntimeGrid:None EditorOnly:false RuntimeOnly:false HLODRelevant:false ListedInSceneOutliner:true IsMainWorldOnly:false FolderPath:Lighting FolderGuid:963EC3EB4002CCE9759E2EBA541A873A
 |   |   |- Guid:5D1E15A44457CF4AE694E59F959E4DB3 BaseClass:/Game/SoundGame/Assets/BP_Modular_Part1_Child.BP_Modular_Part1_Child_C NativeClass:/Script/Engine.Actor Name:BP_Modular_Part1_Child_C_UAID_246A0E1D7879E75702_1873337026 Label:BP_Modular_Part1_Child2 SpatiallyLoaded:true EditorBounds:IsValid=true, Min=(X=1919.873 Y=-200.145 Z=-1110.000), Max=(X=3520.000 Y=200.000 Z=-110.000) RuntimeBounds:IsValid=true, Min=(X=1919.873 Y=-200.145 Z=-1110.000), Max=(X=3520.000 Y=200.000 Z=-110.000) RuntimeGrid:None EditorOnly:false RuntimeOnly:false HLODRelevant:false ListedInSceneOutliner:true IsMainWorldOnly:false
 |   |   |- Guid:63D4827DE44D30D994E9F57D4845E43B NativeClass:/Script/Engine.DirectionalLight Name:DirectionalLight_0 Label:DirectionalLight SpatiallyLoaded:false EditorBounds:IsValid=false, Min=(X=0.000 Y=0.000 Z=0.000), Max=(X=0.000 Y=0.000 Z=0.000) RuntimeBounds:IsValid=false, Min=(X=0.000 Y=0.000 Z=0.000), Max=(X=0.000 Y=0.000 Z=0.000) RuntimeGrid:None EditorOnly:false RuntimeOnly:false HLODRelevant:false ListedInSceneOutliner:true IsMainWorldOnly:false FolderPath:Lighting FolderGuid:963EC3EB4002CCE9759E2EBA541A873A
 |   |   |- Guid:73D51E8EFBC93501AC4D0DDD9B8D1E91 NativeClass:/Script/Engine.PostProcessVolume Name:PostProcessVolume_0 Label:PostProcessVolume SpatiallyLoaded:false EditorBounds:IsValid=true, Min=(X=0.000 Y=0.000 Z=400.000), Max=(X=200.000 Y=200.000 Z=600.000) RuntimeBounds:IsValid=true, Min=(X=0.000 Y=0.000 Z=400.000), Max=(X=200.000 Y=200.000 Z=600.000) RuntimeGrid:None EditorOnly:false RuntimeOnly:false HLODRelevant:false ListedInSceneOutliner:true IsMainWorldOnly:false FolderPath:Lighting FolderGuid:963EC3EB4002CCE9759E2EBA541A873A
 |   |   |- Guid:7F7FD11941A0A3484C802FAFF174290A NativeClass:/Script/Landscape.LandscapeStreamingProxy Name:LandscapeStreamingProxy_ACMMA4ZQD2AAF49ELGLSDKF20_126_0_0_0 Label:LandscapeStreamingProxy_0_0_0 SpatiallyLoaded:true EditorBounds:IsValid=true, Min=(X=-12600.000 Y=-9350.000 Z=-1970.000), Max=(X=0.000 Y=3250.000 Z=-241.094) RuntimeBounds:IsValid=true, Min=(X=-12600.000 Y=-9350.000 Z=-1970.000), Max=(X=0.000 Y=3250.000 Z=-241.094) RuntimeGrid:None EditorOnly:false RuntimeOnly:false HLODRelevant:true ListedInSceneOutliner:true IsMainWorldOnly:false
 |   |   |- Guid:8347704D4775C26103738B8B4DBDD994 BaseClass:/Game/SoundGame/Assets/BP_Modular_Part1_Child.BP_Modular_Part1_Child_C NativeClass:/Script/Engine.Actor Name:BP_Modular_Part1_Child_C_UAID_246A0E1D7879E75702_1633967025 Label:BP_Modular_Part1_Child SpatiallyLoaded:true EditorBounds:IsValid=true, Min=(X=1919.873 Y=-200.145 Z=-130.000), Max=(X=3520.000 Y=200.000 Z=870.000) RuntimeBounds:IsValid=true, Min=(X=1919.873 Y=-200.145 Z=-130.000), Max=(X=3520.000 Y=200.000 Z=870.000) RuntimeGrid:None EditorOnly:false RuntimeOnly:false HLODRelevant:false ListedInSceneOutliner:true IsMainWorldOnly:false
 |   |   |- Guid:9B65198F4952D685A06EFEBBD439100A NativeClass:/Script/Landscape.Landscape Name:Landscape_UAID_246A0E1D7879E55702_2114230671 Label:Landscape SpatiallyLoaded:false EditorBounds:IsValid=true, Min=(X=-12600.000 Y=-9350.000 Z=-1970.000), Max=(X=-12600.000 Y=-9350.000 Z=-1970.000) RuntimeBounds:IsValid=true, Min=(X=-12600.000 Y=-9350.000 Z=-1970.000), Max=(X=-12600.000 Y=-9350.000 Z=-1970.000) RuntimeGrid:None EditorOnly:false RuntimeOnly:false HLODRelevant:false ListedInSceneOutliner:true IsMainWorldOnly:false
 |   |   |- Guid:9D5D8F0044BC8F10586C4881680C6A99 NativeClass:/Script/Landscape.LandscapeStreamingProxy Name:LandscapeStreamingProxy_ACMMA4ZQD2AAF49ELGLSDKF20_126_1_0_0 Label:LandscapeStreamingProxy_1_0_0 SpatiallyLoaded:true EditorBounds:IsValid=true, Min=(X=0.000 Y=-9350.000 Z=-1970.000), Max=(X=12600.000 Y=3250.000 Z=5.000) RuntimeBounds:IsValid=true, Min=(X=0.000 Y=-9350.000 Z=-1970.000), Max=(X=12600.000 Y=3250.000 Z=5.000) RuntimeGrid:None EditorOnly:false RuntimeOnly:false HLODRelevant:true ListedInSceneOutliner:true IsMainWorldOnly:false
 |   |   |- Guid:BB6126D2CFDE3AC3A67F08CBA82CDE7A NativeClass:/Script/Engine.SkyAtmosphere Name:SkyAtmosphere_0 Label:SkyAtmosphere SpatiallyLoaded:false EditorBounds:IsValid=true, Min=(X=-128.000 Y=-128.000 Z=892.000), Max=(X=240.000 Y=128.000 Z=1148.000) RuntimeBounds:IsValid=true, Min=(X=0.000 Y=0.000 Z=1020.000), Max=(X=0.000 Y=0.000 Z=1020.000) RuntimeGrid:None EditorOnly:false RuntimeOnly:false HLODRelevant:false ListedInSceneOutliner:true IsMainWorldOnly:false FolderPath:Lighting FolderGuid:963EC3EB4002CCE9759E2EBA541A873A
 |   |   |- Guid:CA69D94E0FD93810914D7AAE7D67FA01 NativeClass:/Script/Engine.StaticMeshActor Name:StaticMeshActor_UAID_A4AE111137DC5EFB00_1110535423 Label:SM_SkySphere SpatiallyLoaded:false EditorBounds:IsValid=true, Min=(X=-1634304.000 Y=-1638400.000 Z=-1638380.000), Max=(X=1634304.000 Y=1638400.000 Z=1638420.000) RuntimeBounds:IsValid=true, Min=(X=-1634304.000 Y=-1638400.000 Z=-1638380.000), Max=(X=1634304.000 Y=1638400.000 Z=1638420.000) RuntimeGrid:None EditorOnly:false RuntimeOnly:false HLODRelevant:false ListedInSceneOutliner:true IsMainWorldOnly:false FolderPath:Lighting FolderGuid:963EC3EB4002CCE9759E2EBA541A873A
 |   |   |- Guid:D604709540ECFC5F929E79A14C8E314B BaseClass:/Game/SoundGame/Assets/BP_Modular_Part1.BP_Modular_Part1_C NativeClass:/Script/Engine.Actor Name:BP_Modular_Part1_C_UAID_246A0E1D7879E75702_1501536024 Label:BP_Modular_Part1 SpatiallyLoaded:true EditorBounds:IsValid=true, Min=(X=319.873 Y=-200.145 Z=-130.000), Max=(X=1920.000 Y=200.000 Z=870.000) RuntimeBounds:IsValid=true, Min=(X=319.873 Y=-200.145 Z=-130.000), Max=(X=1920.000 Y=200.000 Z=870.000) RuntimeGrid:None EditorOnly:false RuntimeOnly:false HLODRelevant:false ListedInSceneOutliner:true IsMainWorldOnly:false
 |   |   |- Guid:DAD10283B93A3FBD9287A2A9D29333ED NativeClass:/Script/Engine.WorldDataLayers Name:WorldDataLayers Label:WorldDataLayers SpatiallyLoaded:false EditorBounds:IsValid=false, Min=(X=0.000 Y=0.000 Z=0.000), Max=(X=0.000 Y=0.000 Z=0.000) RuntimeBounds:IsValid=false, Min=(X=0.000 Y=0.000 Z=0.000), Max=(X=0.000 Y=0.000 Z=0.000) RuntimeGrid:None EditorOnly:false RuntimeOnly:false HLODRelevant:false ListedInSceneOutliner:true IsMainWorldOnly:true
 |   |   |- Guid:F1C38A1A4C218773B0EF3DA3EC83524E BaseClass:/Game/SoundGame/Assets/BP_Modular_Part1_Child1.BP_Modular_Part1_Child1_C NativeClass:/Script/Engine.Actor Name:BP_Modular_Part1_Child1_C_UAID_246A0E1D7879E85702_1720172203 Label:BP_Modular_Part1_Child1 SpatiallyLoaded:true EditorBounds:IsValid=true, Min=(X=-1279.127 Y=-200.145 Z=-130.000), Max=(X=321.000 Y=200.000 Z=870.000) RuntimeBounds:IsValid=true, Min=(X=-1279.127 Y=-200.145 Z=-130.000), Max=(X=321.000 Y=200.000 Z=870.000) RuntimeGrid:None EditorOnly:false RuntimeOnly:false HLODRelevant:false ListedInSceneOutliner:true IsMainWorldOnly:false
 |   |- [+] Clusters:
 |   |   |- [+] [  0]
 |   |   |   |- Guid:0127EED5D18835D08831EF09556CD24C NativeClass:/Script/Engine.SkyLight Name:SkyLight_1 Label:SkyLight SpatiallyLoaded:false EditorBounds:IsValid=true, Min=(X=-1.000 Y=-1.000 Z=-1.000), Max=(X=1.000 Y=1.000 Z=690.000) RuntimeBounds:IsValid=true, Min=(X=0.000 Y=0.000 Z=690.000), Max=(X=0.000 Y=0.000 Z=690.000) RuntimeGrid:None EditorOnly:false RuntimeOnly:false HLODRelevant:false ListedInSceneOutliner:true IsMainWorldOnly:false FolderPath:Lighting FolderGuid:963EC3EB4002CCE9759E2EBA541A873A
 |   |   |- [+] [  1]
 |   |   |   |- Guid:0625A33EF59F3501BBD4E80635142AFC NativeClass:/Script/Engine.PlayerStart Name:PlayerStart_0 Label:PlayerStart SpatiallyLoaded:false EditorBounds:IsValid=true, Min=(X=342.000 Y=-128.000 Z=58.000), Max=(X=710.000 Y=128.000 Z=314.000) RuntimeBounds:IsValid=true, Min=(X=430.000 Y=-40.000 Z=94.000), Max=(X=510.000 Y=40.000 Z=278.000) RuntimeGrid:None EditorOnly:false RuntimeOnly:false HLODRelevant:false ListedInSceneOutliner:true IsMainWorldOnly:false
 |   |   |- [+] [  2]
 |   |   |   |- Guid:52ACD43F39393504B51BC8EBD713730F NativeClass:/Script/Engine.ExponentialHeightFog Name:ExponentialHeightFog_0 Label:ExponentialHeightFog SpatiallyLoaded:false EditorBounds:IsValid=true, Min=(X=-5728.000 Y=-178.000 Z=-6978.000), Max=(X=-5472.000 Y=78.000 Z=-6722.000) RuntimeBounds:IsValid=true, Min=(X=-5600.000 Y=-50.000 Z=-6850.000), Max=(X=-5600.000 Y=-50.000 Z=-6850.000) RuntimeGrid:None EditorOnly:false RuntimeOnly:false HLODRelevant:false ListedInSceneOutliner:true IsMainWorldOnly:false FolderPath:Lighting FolderGuid:963EC3EB4002CCE9759E2EBA541A873A
 |   |   |- [+] [  3]
 |   |   |   |- Guid:5D1E15A44457CF4AE694E59F959E4DB3 BaseClass:/Game/SoundGame/Assets/BP_Modular_Part1_Child.BP_Modular_Part1_Child_C NativeClass:/Script/Engine.Actor Name:BP_Modular_Part1_Child_C_UAID_246A0E1D7879E75702_1873337026 Label:BP_Modular_Part1_Child2 SpatiallyLoaded:true EditorBounds:IsValid=true, Min=(X=1919.873 Y=-200.145 Z=-1110.000), Max=(X=3520.000 Y=200.000 Z=-110.000) RuntimeBounds:IsValid=true, Min=(X=1919.873 Y=-200.145 Z=-1110.000), Max=(X=3520.000 Y=200.000 Z=-110.000) RuntimeGrid:None EditorOnly:false RuntimeOnly:false HLODRelevant:false ListedInSceneOutliner:true IsMainWorldOnly:false
 |   |   |- [+] [  4]
 |   |   |   |- Guid:63D4827DE44D30D994E9F57D4845E43B NativeClass:/Script/Engine.DirectionalLight Name:DirectionalLight_0 Label:DirectionalLight SpatiallyLoaded:false EditorBounds:IsValid=false, Min=(X=0.000 Y=0.000 Z=0.000), Max=(X=0.000 Y=0.000 Z=0.000) RuntimeBounds:IsValid=false, Min=(X=0.000 Y=0.000 Z=0.000), Max=(X=0.000 Y=0.000 Z=0.000) RuntimeGrid:None EditorOnly:false RuntimeOnly:false HLODRelevant:false ListedInSceneOutliner:true IsMainWorldOnly:false FolderPath:Lighting FolderGuid:963EC3EB4002CCE9759E2EBA541A873A
 |   |   |- [+] [  5]
 |   |   |   |- Guid:73D51E8EFBC93501AC4D0DDD9B8D1E91 NativeClass:/Script/Engine.PostProcessVolume Name:PostProcessVolume_0 Label:PostProcessVolume SpatiallyLoaded:false EditorBounds:IsValid=true, Min=(X=0.000 Y=0.000 Z=400.000), Max=(X=200.000 Y=200.000 Z=600.000) RuntimeBounds:IsValid=true, Min=(X=0.000 Y=0.000 Z=400.000), Max=(X=200.000 Y=200.000 Z=600.000) RuntimeGrid:None EditorOnly:false RuntimeOnly:false HLODRelevant:false ListedInSceneOutliner:true IsMainWorldOnly:false FolderPath:Lighting FolderGuid:963EC3EB4002CCE9759E2EBA541A873A
 |   |   |- [+] [  6]
 |   |   |   |- Guid:7F7FD11941A0A3484C802FAFF174290A NativeClass:/Script/Landscape.LandscapeStreamingProxy Name:LandscapeStreamingProxy_ACMMA4ZQD2AAF49ELGLSDKF20_126_0_0_0 Label:LandscapeStreamingProxy_0_0_0 SpatiallyLoaded:true EditorBounds:IsValid=true, Min=(X=-12600.000 Y=-9350.000 Z=-1970.000), Max=(X=0.000 Y=3250.000 Z=-241.094) RuntimeBounds:IsValid=true, Min=(X=-12600.000 Y=-9350.000 Z=-1970.000), Max=(X=0.000 Y=3250.000 Z=-241.094) RuntimeGrid:None EditorOnly:false RuntimeOnly:false HLODRelevant:true ListedInSceneOutliner:true IsMainWorldOnly:false
 |   |   |- [+] [  7]
 |   |   |   |- Guid:8347704D4775C26103738B8B4DBDD994 BaseClass:/Game/SoundGame/Assets/BP_Modular_Part1_Child.BP_Modular_Part1_Child_C NativeClass:/Script/Engine.Actor Name:BP_Modular_Part1_Child_C_UAID_246A0E1D7879E75702_1633967025 Label:BP_Modular_Part1_Child SpatiallyLoaded:true EditorBounds:IsValid=true, Min=(X=1919.873 Y=-200.145 Z=-130.000), Max=(X=3520.000 Y=200.000 Z=870.000) RuntimeBounds:IsValid=true, Min=(X=1919.873 Y=-200.145 Z=-130.000), Max=(X=3520.000 Y=200.000 Z=870.000) RuntimeGrid:None EditorOnly:false RuntimeOnly:false HLODRelevant:false ListedInSceneOutliner:true IsMainWorldOnly:false
 |   |   |- [+] [  8]
 |   |   |   |- Guid:9B65198F4952D685A06EFEBBD439100A NativeClass:/Script/Landscape.Landscape Name:Landscape_UAID_246A0E1D7879E55702_2114230671 Label:Landscape SpatiallyLoaded:false EditorBounds:IsValid=true, Min=(X=-12600.000 Y=-9350.000 Z=-1970.000), Max=(X=-12600.000 Y=-9350.000 Z=-1970.000) RuntimeBounds:IsValid=true, Min=(X=-12600.000 Y=-9350.000 Z=-1970.000), Max=(X=-12600.000 Y=-9350.000 Z=-1970.000) RuntimeGrid:None EditorOnly:false RuntimeOnly:false HLODRelevant:false ListedInSceneOutliner:true IsMainWorldOnly:false
 |   |   |- [+] [  9]
 |   |   |   |- Guid:9D5D8F0044BC8F10586C4881680C6A99 NativeClass:/Script/Landscape.LandscapeStreamingProxy Name:LandscapeStreamingProxy_ACMMA4ZQD2AAF49ELGLSDKF20_126_1_0_0 Label:LandscapeStreamingProxy_1_0_0 SpatiallyLoaded:true EditorBounds:IsValid=true, Min=(X=0.000 Y=-9350.000 Z=-1970.000), Max=(X=12600.000 Y=3250.000 Z=5.000) RuntimeBounds:IsValid=true, Min=(X=0.000 Y=-9350.000 Z=-1970.000), Max=(X=12600.000 Y=3250.000 Z=5.000) RuntimeGrid:None EditorOnly:false RuntimeOnly:false HLODRelevant:true ListedInSceneOutliner:true IsMainWorldOnly:false
 |   |   |- [+] [ 10]
 |   |   |   |- Guid:BB6126D2CFDE3AC3A67F08CBA82CDE7A NativeClass:/Script/Engine.SkyAtmosphere Name:SkyAtmosphere_0 Label:SkyAtmosphere SpatiallyLoaded:false EditorBounds:IsValid=true, Min=(X=-128.000 Y=-128.000 Z=892.000), Max=(X=240.000 Y=128.000 Z=1148.000) RuntimeBounds:IsValid=true, Min=(X=0.000 Y=0.000 Z=1020.000), Max=(X=0.000 Y=0.000 Z=1020.000) RuntimeGrid:None EditorOnly:false RuntimeOnly:false HLODRelevant:false ListedInSceneOutliner:true IsMainWorldOnly:false FolderPath:Lighting FolderGuid:963EC3EB4002CCE9759E2EBA541A873A
 |   |   |- [+] [ 11]
 |   |   |   |- Guid:CA69D94E0FD93810914D7AAE7D67FA01 NativeClass:/Script/Engine.StaticMeshActor Name:StaticMeshActor_UAID_A4AE111137DC5EFB00_1110535423 Label:SM_SkySphere SpatiallyLoaded:false EditorBounds:IsValid=true, Min=(X=-1634304.000 Y=-1638400.000 Z=-1638380.000), Max=(X=1634304.000 Y=1638400.000 Z=1638420.000) RuntimeBounds:IsValid=true, Min=(X=-1634304.000 Y=-1638400.000 Z=-1638380.000), Max=(X=1634304.000 Y=1638400.000 Z=1638420.000) RuntimeGrid:None EditorOnly:false RuntimeOnly:false HLODRelevant:false ListedInSceneOutliner:true IsMainWorldOnly:false FolderPath:Lighting FolderGuid:963EC3EB4002CCE9759E2EBA541A873A
 |   |   |- [+] [ 12]
 |   |   |   |- Guid:D604709540ECFC5F929E79A14C8E314B BaseClass:/Game/SoundGame/Assets/BP_Modular_Part1.BP_Modular_Part1_C NativeClass:/Script/Engine.Actor Name:BP_Modular_Part1_C_UAID_246A0E1D7879E75702_1501536024 Label:BP_Modular_Part1 SpatiallyLoaded:true EditorBounds:IsValid=true, Min=(X=319.873 Y=-200.145 Z=-130.000), Max=(X=1920.000 Y=200.000 Z=870.000) RuntimeBounds:IsValid=true, Min=(X=319.873 Y=-200.145 Z=-130.000), Max=(X=1920.000 Y=200.000 Z=870.000) RuntimeGrid:None EditorOnly:false RuntimeOnly:false HLODRelevant:false ListedInSceneOutliner:true IsMainWorldOnly:false
 |   |   |- [+] [ 13]
 |   |   |   |- Guid:DAD10283B93A3FBD9287A2A9D29333ED NativeClass:/Script/Engine.WorldDataLayers Name:WorldDataLayers Label:WorldDataLayers SpatiallyLoaded:false EditorBounds:IsValid=false, Min=(X=0.000 Y=0.000 Z=0.000), Max=(X=0.000 Y=0.000 Z=0.000) RuntimeBounds:IsValid=false, Min=(X=0.000 Y=0.000 Z=0.000), Max=(X=0.000 Y=0.000 Z=0.000) RuntimeGrid:None EditorOnly:false RuntimeOnly:false HLODRelevant:false ListedInSceneOutliner:true IsMainWorldOnly:true
 |   |   |- [+] [ 14]
 |   |   |   |- Guid:F1C38A1A4C218773B0EF3DA3EC83524E BaseClass:/Game/SoundGame/Assets/BP_Modular_Part1_Child1.BP_Modular_Part1_Child1_C NativeClass:/Script/Engine.Actor Name:BP_Modular_Part1_Child1_C_UAID_246A0E1D7879E85702_1720172203 Label:BP_Modular_Part1_Child1 SpatiallyLoaded:true EditorBounds:IsValid=true, Min=(X=-1279.127 Y=-200.145 Z=-130.000), Max=(X=321.000 Y=200.000 Z=870.000) RuntimeBounds:IsValid=true, Min=(X=-1279.127 Y=-200.145 Z=-130.000), Max=(X=321.000 Y=200.000 Z=870.000) RuntimeGrid:None EditorOnly:false RuntimeOnly:false HLODRelevant:false ListedInSceneOutliner:true IsMainWorldOnly:false
 |- ContainerInstances:
 |- [+] MainContainer:
 |   |-        ID: 00000000000000000000000000000000
 |   |-  ParentID: 00000000000000000000000000000000
 |   |-    Bounds: IsValid=false, Min=(X=0.000 Y=0.000 Z=0.000), Max=(X=0.000 Y=0.000 Z=0.000)
 |   |- Transform: 0.000000,0.000000,0.000000|0.000000,0.000000,-0.000000|1.000000,1.000000,1.000000
 |   |- Container: /Game/SoundGame/Maps/SoundLevel_1
----------------------------------------------------------------------------------------------------------------
SoundLevel_1 - Persistent Level
----------------------------------------------------------------------------------------------------------------
[+] Content of SoundLevel_1 Persistent Level
 |- Always loaded Actor Count: 15 
 |- Actor Path: /Game/SoundGame/Maps/SoundLevel_1.SoundLevel_1:PersistentLevel.BP_Modular_Part1_C_UAID_246A0E1D7879E75702_1501536024
 |- Actor Package: /Game/__ExternalActors__/SoundGame/Maps/SoundLevel_1/6/ZA/L289XJY5CODWSIVQLULDH0
 |- Actor Path: /Game/SoundGame/Maps/SoundLevel_1.SoundLevel_1:PersistentLevel.BP_Modular_Part1_Child1_C_UAID_246A0E1D7879E85702_1720172203
 |- Actor Package: /Game/__ExternalActors__/SoundGame/Maps/SoundLevel_1/C/OD/624JRX6TK8KX9XOUS6E5KA
 |- Actor Path: /Game/SoundGame/Maps/SoundLevel_1.SoundLevel_1:PersistentLevel.BP_Modular_Part1_Child_C_UAID_246A0E1D7879E75702_1633967025
 |- Actor Package: /Game/__ExternalActors__/SoundGame/Maps/SoundLevel_1/A/UO/O66ITG8J4VEX27X8PK6US4
 |- Actor Path: /Game/SoundGame/Maps/SoundLevel_1.SoundLevel_1:PersistentLevel.BP_Modular_Part1_Child_C_UAID_246A0E1D7879E75702_1873337026
 |- Actor Package: /Game/__ExternalActors__/SoundGame/Maps/SoundLevel_1/2/OC/33RWS9CYCVJ3HNYPCJLNF4
 |- Actor Path: /Game/SoundGame/Maps/SoundLevel_1.SoundLevel_1:PersistentLevel.DirectionalLight_0
 |- Actor Package: /Game/__ExternalActors__/SoundGame/Maps/SoundLevel_1/8/C5/UF5O203NDRDG37BGATURPR
 |- Actor Path: /Game/SoundGame/Maps/SoundLevel_1.SoundLevel_1:PersistentLevel.ExponentialHeightFog_0
 |- Actor Package: /Game/__ExternalActors__/SoundGame/Maps/SoundLevel_1/3/II/TUCABRV03XFEG79NDG3RXB
 |- Actor Path: /Game/SoundGame/Maps/SoundLevel_1.SoundLevel_1:PersistentLevel.Landscape_UAID_246A0E1D7879E55702_2114230671
 |- Actor Package: /Game/__ExternalActors__/SoundGame/Maps/SoundLevel_1/0/O2/0SJ4QVHHS4ZE1MQ3H7M0MU
 |- Actor Path: /Game/SoundGame/Maps/SoundLevel_1.SoundLevel_1:PersistentLevel.LandscapeStreamingProxy_ACMMA4ZQD2AAF49ELGLSDKF20_126_0_0_0
 |- Actor Package: /Game/__ExternalActors__/SoundGame/Maps/SoundLevel_1/C/IO/O980PVIAV579E3AX6BOBQ2
 |- Actor Path: /Game/SoundGame/Maps/SoundLevel_1.SoundLevel_1:PersistentLevel.LandscapeStreamingProxy_ACMMA4ZQD2AAF49ELGLSDKF20_126_1_0_0
 |- Actor Package: /Game/__ExternalActors__/SoundGame/Maps/SoundLevel_1/4/GA/ZLJ1C5XOT7NDY8IT21KYTA
 |- Actor Path: /Game/SoundGame/Maps/SoundLevel_1.SoundLevel_1:PersistentLevel.PlayerStart_0
 |- Actor Package: /Game/__ExternalActors__/SoundGame/Maps/SoundLevel_1/9/17/9BLSIKZJF93PG1QC76X3BP
 |- Actor Path: /Game/SoundGame/Maps/SoundLevel_1.SoundLevel_1:PersistentLevel.PostProcessVolume_0
 |- Actor Package: /Game/__ExternalActors__/SoundGame/Maps/SoundLevel_1/6/NG/BM0P02G48EM630SJWPKRDH
 |- Actor Path: /Game/SoundGame/Maps/SoundLevel_1.SoundLevel_1:PersistentLevel.SkyAtmosphere_0
 |- Actor Package: /Game/__ExternalActors__/SoundGame/Maps/SoundLevel_1/6/XF/H657HEXMVK8BYWSS507PUH
 |- Actor Path: /Game/SoundGame/Maps/SoundLevel_1.SoundLevel_1:PersistentLevel.SkyLight_1
 |- Actor Package: /Game/__ExternalActors__/SoundGame/Maps/SoundLevel_1/8/MN/NS3TNOLANH9XBODYDQI2T3
 |- Actor Path: /Game/SoundGame/Maps/SoundLevel_1.SoundLevel_1:PersistentLevel.StaticMeshActor_UAID_A4AE111137DC5EFB00_1110535423
 |- Actor Package: /Game/__ExternalActors__/SoundGame/Maps/SoundLevel_1/9/VX/S4Q8MD5VC4XI3LDL6303XO
 |- Actor Path: /Game/SoundGame/Maps/SoundLevel_1.SoundLevel_1:PersistentLevel.WorldDataLayers
 |- Actor Package: /Game/__ExternalActors__/SoundGame/Maps/SoundLevel_1/F/5I/B38GA3S12G2B7SUYBTOGCS

----------------------------------------------------------------------------------------------------------------
SoundLevel_1 - Runtime Hash Set
----------------------------------------------------------------------------------------------------------------

